<?xml version="1.0" encoding="UTF-8"?>
<testsuite xmlns:xsi="http://www.w3.org/2001/XMLSchema-instance" xsi:noNamespaceSchemaLocation="https://maven.apache.org/surefire/maven-surefire-plugin/xsd/surefire-test-report-3.0.xsd" version="3.0" name="com.nnk.springboot.BidTests" time="9.42" tests="1" errors="0" skipped="0" failures="0">
  <properties>
[...]
</properties>
  <testcase name="bidListTest" classname="com.nnk.springboot.BidTests" time="0.992">
    <system-out><![CDATA[13:57:35.323 [main] INFO org.springframework.test.context.support.AnnotationConfigContextLoaderUtils -- Could not detect default configuration classes for test class [com.nnk.springboot.BidTests]: BidTests does not declare any static, non-private, non-final, nested classes annotated with @Configuration.
13:57:35.491 [main] INFO org.springframework.boot.test.context.SpringBootTestContextBootstrapper -- Found @SpringBootConfiguration com.nnk.springboot.Application for test class com.nnk.springboot.BidTests
13:57:35.749 [main] INFO org.springframework.test.context.support.AnnotationConfigContextLoaderUtils -- Could not detect default configuration classes for test class [com.nnk.springboot.CurvePointTests]: CurvePointTests does not declare any static, non-private, non-final, nested classes annotated with @Configuration.
13:57:35.752 [main] INFO org.springframework.boot.test.context.SpringBootTestContextBootstrapper -- Found @SpringBootConfiguration com.nnk.springboot.Application for test class com.nnk.springboot.CurvePointTests
13:57:35.760 [main] INFO org.springframework.test.context.support.AnnotationConfigContextLoaderUtils -- Could not detect default configuration classes for test class [com.nnk.springboot.PasswordEncodeTest]: PasswordEncodeTest does not declare any static, non-private, non-final, nested classes annotated with @Configuration.
13:57:35.763 [main] INFO org.springframework.boot.test.context.SpringBootTestContextBootstrapper -- Found @SpringBootConfiguration com.nnk.springboot.Application for test class com.nnk.springboot.PasswordEncodeTest
13:57:35.773 [main] INFO org.springframework.test.context.support.AnnotationConfigContextLoaderUtils -- Could not detect default configuration classes for test class [com.nnk.springboot.RatingTests]: RatingTests does not declare any static, non-private, non-final, nested classes annotated with @Configuration.
13:57:35.775 [main] INFO org.springframework.boot.test.context.SpringBootTestContextBootstrapper -- Found @SpringBootConfiguration com.nnk.springboot.Application for test class com.nnk.springboot.RatingTests
13:57:35.785 [main] INFO org.springframework.test.context.support.AnnotationConfigContextLoaderUtils -- Could not detect default configuration classes for test class [com.nnk.springboot.RuleTests]: RuleTests does not declare any static, non-private, non-final, nested classes annotated with @Configuration.
13:57:35.787 [main] INFO org.springframework.boot.test.context.SpringBootTestContextBootstrapper -- Found @SpringBootConfiguration com.nnk.springboot.Application for test class com.nnk.springboot.RuleTests
13:57:35.796 [main] INFO org.springframework.test.context.support.AnnotationConfigContextLoaderUtils -- Could not detect default configuration classes for test class [com.nnk.springboot.TradeTests]: TradeTests does not declare any static, non-private, non-final, nested classes annotated with @Configuration.
13:57:35.798 [main] INFO org.springframework.boot.test.context.SpringBootTestContextBootstrapper -- Found @SpringBootConfiguration com.nnk.springboot.Application for test class com.nnk.springboot.TradeTests
13:57:35.808 [main] INFO org.springframework.test.context.support.AnnotationConfigContextLoaderUtils -- Could not detect default configuration classes for test class [com.nnk.springboot.BidTests]: BidTests does not declare any static, non-private, non-final, nested classes annotated with @Configuration.
13:57:35.810 [main] INFO org.springframework.boot.test.context.SpringBootTestContextBootstrapper -- Found @SpringBootConfiguration com.nnk.springboot.Application for test class com.nnk.springboot.BidTests
13:57:35.814 [main] INFO org.springframework.test.context.support.AnnotationConfigContextLoaderUtils -- Could not detect default configuration classes for test class [com.nnk.springboot.CurvePointTests]: CurvePointTests does not declare any static, non-private, non-final, nested classes annotated with @Configuration.
13:57:35.816 [main] INFO org.springframework.boot.test.context.SpringBootTestContextBootstrapper -- Found @SpringBootConfiguration com.nnk.springboot.Application for test class com.nnk.springboot.CurvePointTests
13:57:35.820 [main] INFO org.springframework.test.context.support.AnnotationConfigContextLoaderUtils -- Could not detect default configuration classes for test class [com.nnk.springboot.PasswordEncodeTest]: PasswordEncodeTest does not declare any static, non-private, non-final, nested classes annotated with @Configuration.
13:57:35.822 [main] INFO org.springframework.boot.test.context.SpringBootTestContextBootstrapper -- Found @SpringBootConfiguration com.nnk.springboot.Application for test class com.nnk.springboot.PasswordEncodeTest
13:57:35.826 [main] INFO org.springframework.test.context.support.AnnotationConfigContextLoaderUtils -- Could not detect default configuration classes for test class [com.nnk.springboot.RatingTests]: RatingTests does not declare any static, non-private, non-final, nested classes annotated with @Configuration.
13:57:35.828 [main] INFO org.springframework.boot.test.context.SpringBootTestContextBootstrapper -- Found @SpringBootConfiguration com.nnk.springboot.Application for test class com.nnk.springboot.RatingTests
13:57:35.832 [main] INFO org.springframework.test.context.support.AnnotationConfigContextLoaderUtils -- Could not detect default configuration classes for test class [com.nnk.springboot.RuleTests]: RuleTests does not declare any static, non-private, non-final, nested classes annotated with @Configuration.
13:57:35.834 [main] INFO org.springframework.boot.test.context.SpringBootTestContextBootstrapper -- Found @SpringBootConfiguration com.nnk.springboot.Application for test class com.nnk.springboot.RuleTests
13:57:35.840 [main] INFO org.springframework.test.context.support.AnnotationConfigContextLoaderUtils -- Could not detect default configuration classes for test class [com.nnk.springboot.TradeTests]: TradeTests does not declare any static, non-private, non-final, nested classes annotated with @Configuration.
13:57:35.843 [main] INFO org.springframework.boot.test.context.SpringBootTestContextBootstrapper -- Found @SpringBootConfiguration com.nnk.springboot.Application for test class com.nnk.springboot.TradeTests

  .   ____          _            __ _ _
 /\\ / ___'_ __ _ _(_)_ __  __ _ \ \ \ \
( ( )\___ | '_ | '_| | '_ \/ _` | \ \ \ \
 \\/  ___)| |_)| | | | | || (_| |  ) ) ) )
  '  |____| .__|_| |_|_| |_\__, | / / / /
 =========|_|==============|___/=/_/_/_/
 :: Spring Boot ::                (v3.1.0)

2025-09-19T13:57:36.511+02:00  INFO 1416 --- [           main] com.nnk.springboot.BidTests              : Starting BidTests using Java 17.0.14 with PID 1416 (started by Dev in C:\Users\Dev\Documents\OpenClassrooms\Formation_DevJava\P7\JavaDA_PROJECT7_RESTAPI\Poseiden-skeleton)
2025-09-19T13:57:36.513+02:00  INFO 1416 --- [           main] com.nnk.springboot.BidTests              : No active profile set, falling back to 1 default profile: "default"
2025-09-19T13:57:37.529+02:00  INFO 1416 --- [           main] .s.d.r.c.RepositoryConfigurationDelegate : Bootstrapping Spring Data JPA repositories in DEFAULT mode.
2025-09-19T13:57:37.635+02:00  INFO 1416 --- [           main] .s.d.r.c.RepositoryConfigurationDelegate : Finished Spring Data repository scanning in 93 ms. Found 6 JPA repository interfaces.
2025-09-19T13:57:38.386+02:00  INFO 1416 --- [           main] o.hibernate.jpa.internal.util.LogHelper  : HHH000204: Processing PersistenceUnitInfo [name: default]
2025-09-19T13:57:38.527+02:00  INFO 1416 --- [           main] org.hibernate.Version                    : HHH000412: Hibernate ORM core version 6.2.2.Final
2025-09-19T13:57:38.531+02:00  INFO 1416 --- [           main] org.hibernate.cfg.Environment            : HHH000406: Using bytecode reflection optimizer
2025-09-19T13:57:38.822+02:00  INFO 1416 --- [           main] o.h.b.i.BytecodeProviderInitiator        : HHH000021: Bytecode provider name : bytebuddy
2025-09-19T13:57:39.065+02:00  INFO 1416 --- [           main] o.s.o.j.p.SpringPersistenceUnitInfo      : No LoadTimeWeaver setup: ignoring JPA class transformer
2025-09-19T13:57:39.110+02:00  INFO 1416 --- [           main] com.zaxxer.hikari.HikariDataSource       : HikariPool-1 - Starting...
2025-09-19T13:57:39.591+02:00  INFO 1416 --- [           main] com.zaxxer.hikari.pool.HikariPool        : HikariPool-1 - Added connection com.mysql.cj.jdbc.ConnectionImpl@7ea3839e
2025-09-19T13:57:39.595+02:00  INFO 1416 --- [           main] com.zaxxer.hikari.HikariDataSource       : HikariPool-1 - Start completed.
2025-09-19T13:57:39.694+02:00  INFO 1416 --- [           main] org.hibernate.orm.dialect                : HHH035001: Using dialect: org.hibernate.dialect.MySQLDialect, version: 8.0.42
2025-09-19T13:57:40.058+02:00  INFO 1416 --- [           main] o.h.b.i.BytecodeProviderInitiator        : HHH000021: Bytecode provider name : bytebuddy
2025-09-19T13:57:41.062+02:00  INFO 1416 --- [           main] o.h.e.t.j.p.i.JtaPlatformInitiator       : HHH000490: Using JtaPlatform implementation: [org.hibernate.engine.transaction.jta.platform.internal.NoJtaPlatform]
Hibernate: create table bid_list_seq (next_val bigint) engine=InnoDB
Hibernate: insert into bid_list_seq values ( 1 )
Hibernate: create table bid_list (bid_list_id integer not null, account varchar(255), ask float(53), ask_quantity float(53), benchmark varchar(255), bid float(53), bid_list_date datetime(6), bid_quantity float(53), book varchar(255), commentary varchar(255), creation_date datetime(6), creation_name varchar(255), deal_name varchar(255), deal_type varchar(255), revision_date datetime(6), revision_name varchar(255), security varchar(255), side varchar(255), source_list_id varchar(255), status varchar(255), trader varchar(255), type varchar(255), primary key (bid_list_id)) engine=InnoDB
Hibernate: create table curve_point_seq (next_val bigint) engine=InnoDB
Hibernate: insert into curve_point_seq values ( 1 )
Hibernate: create table curve_point (id integer not null, as_of_date datetime(6), creation_date datetime(6), curve_id integer, term float(53) not null, value float(53) not null, primary key (id)) engine=InnoDB
Hibernate: alter table rating modify column id  integer not null
Hibernate: alter table rating add column fitch_rating varchar(255)
Hibernate: alter table rating add column moodys_rating varchar(255)
Hibernate: alter table rating add column order_number integer not null
Hibernate: alter table rating modify column sandprating  varchar(255)
Hibernate: create table rating_seq (next_val bigint) engine=InnoDB
Hibernate: insert into rating_seq values ( 1 )
Hibernate: create table rule_name_seq (next_val bigint) engine=InnoDB
Hibernate: insert into rule_name_seq values ( 1 )
Hibernate: create table rule_name (id integer not null, description varchar(255), json varchar(255), name varchar(255), sql_part varchar(255), sql_str varchar(255), template varchar(512), primary key (id)) engine=InnoDB
Hibernate: alter table trade add column trade_id integer not null
Hibernate: alter table trade modify column account  varchar(255)
Hibernate: alter table trade modify column benchmark  varchar(255)
Hibernate: alter table trade modify column book  varchar(255)
Hibernate: alter table trade add column buy_price float(53)
Hibernate: alter table trade add column buy_quantity float(53)
Hibernate: alter table trade add column creation_date datetime(6)
Hibernate: alter table trade add column creation_name varchar(255)
Hibernate: alter table trade add column deal_name varchar(255)
Hibernate: alter table trade add column deal_type varchar(255)
Hibernate: alter table trade add column revision_date datetime(6)
Hibernate: alter table trade add column revision_name varchar(255)
Hibernate: alter table trade modify column security  varchar(255)
Hibernate: alter table trade add column sell_price float(53)
Hibernate: alter table trade add column sell_quantity float(53)
Hibernate: alter table trade modify column side  varchar(255)
Hibernate: alter table trade add column source_list_id varchar(255)
Hibernate: alter table trade modify column status  varchar(255)
Hibernate: alter table trade add column trade_date datetime(6)
Hibernate: alter table trade modify column trader  varchar(255)
Hibernate: alter table trade modify column type  varchar(255)
Hibernate: create table trade_seq (next_val bigint) engine=InnoDB
Hibernate: insert into trade_seq values ( 1 )
Hibernate: alter table users modify column id  integer not null
Hibernate: alter table users modify column fullname  varchar(255)
Hibernate: alter table users modify column password  varchar(255)
Hibernate: alter table users modify column role  varchar(255)
Hibernate: alter table users modify column username  varchar(255)
Hibernate: create table users_seq (next_val bigint) engine=InnoDB
Hibernate: insert into users_seq values ( 1 )
2025-09-19T13:57:42.605+02:00  INFO 1416 --- [           main] j.LocalContainerEntityManagerFactoryBean : Initialized JPA EntityManagerFactory for persistence unit 'default'
2025-09-19T13:57:43.298+02:00  WARN 1416 --- [           main] JpaBaseConfiguration$JpaWebConfiguration : spring.jpa.open-in-view is enabled by default. Therefore, database queries may be performed during view rendering. Explicitly configure spring.jpa.open-in-view to disable this warning
2025-09-19T13:57:44.028+02:00  WARN 1416 --- [           main] .s.s.UserDetailsServiceAutoConfiguration : 

Using generated security password: 415cd776-011a-4d3b-bbf6-88359324cdb1

This generated password is for development use only. Your security configuration must be updated before running your application in production.

2025-09-19T13:57:44.255+02:00  INFO 1416 --- [           main] o.s.s.web.DefaultSecurityFilterChain     : Will secure any request with [org.springframework.security.web.session.DisableEncodeUrlFilter@5e783f78, org.springframework.security.web.context.request.async.WebAsyncManagerIntegrationFilter@5bdef8ee, org.springframework.security.web.context.SecurityContextHolderFilter@435a4d2d, org.springframework.security.web.header.HeaderWriterFilter@79d3fb99, org.springframework.security.web.csrf.CsrfFilter@137db13f, org.springframework.security.web.authentication.logout.LogoutFilter@66297b63, org.springframework.security.web.authentication.UsernamePasswordAuthenticationFilter@7715d43c, org.springframework.security.web.authentication.ui.DefaultLoginPageGeneratingFilter@22f1a340, org.springframework.security.web.authentication.ui.DefaultLogoutPageGeneratingFilter@345d4ecb, org.springframework.security.web.authentication.www.BasicAuthenticationFilter@535adf36, org.springframework.security.web.savedrequest.RequestCacheAwareFilter@73c6ebec, org.springframework.security.web.servletapi.SecurityContextHolderAwareRequestFilter@4c69b396, org.springframework.security.web.authentication.AnonymousAuthenticationFilter@66e44f9f, org.springframework.security.web.access.ExceptionTranslationFilter@22db974d, org.springframework.security.web.access.intercept.AuthorizationFilter@36618b3b]
2025-09-19T13:57:44.323+02:00  INFO 1416 --- [           main] com.nnk.springboot.BidTests              : Started BidTests in 8.307 seconds (process running for 9.746)
Hibernate: select next_val as id_val from bid_list_seq for update
Hibernate: update bid_list_seq set next_val= ? where next_val=?
Hibernate: insert into bid_list (account,ask,ask_quantity,benchmark,bid,bid_list_date,bid_quantity,book,commentary,creation_date,creation_name,deal_name,deal_type,revision_date,revision_name,security,side,source_list_id,status,trader,type,bid_list_id) values (?,?,?,?,?,?,?,?,?,?,?,?,?,?,?,?,?,?,?,?,?,?)
Hibernate: select b1_0.bid_list_id,b1_0.account,b1_0.ask,b1_0.ask_quantity,b1_0.benchmark,b1_0.bid,b1_0.bid_list_date,b1_0.bid_quantity,b1_0.book,b1_0.commentary,b1_0.creation_date,b1_0.creation_name,b1_0.deal_name,b1_0.deal_type,b1_0.revision_date,b1_0.revision_name,b1_0.security,b1_0.side,b1_0.source_list_id,b1_0.status,b1_0.trader,b1_0.type from bid_list b1_0 where b1_0.bid_list_id=?
Hibernate: update bid_list set account=?,ask=?,ask_quantity=?,benchmark=?,bid=?,bid_list_date=?,bid_quantity=?,book=?,commentary=?,creation_date=?,creation_name=?,deal_name=?,deal_type=?,revision_date=?,revision_name=?,security=?,side=?,source_list_id=?,status=?,trader=?,type=? where bid_list_id=?
Hibernate: select b1_0.bid_list_id,b1_0.account,b1_0.ask,b1_0.ask_quantity,b1_0.benchmark,b1_0.bid,b1_0.bid_list_date,b1_0.bid_quantity,b1_0.book,b1_0.commentary,b1_0.creation_date,b1_0.creation_name,b1_0.deal_name,b1_0.deal_type,b1_0.revision_date,b1_0.revision_name,b1_0.security,b1_0.side,b1_0.source_list_id,b1_0.status,b1_0.trader,b1_0.type from bid_list b1_0
Hibernate: select b1_0.bid_list_id,b1_0.account,b1_0.ask,b1_0.ask_quantity,b1_0.benchmark,b1_0.bid,b1_0.bid_list_date,b1_0.bid_quantity,b1_0.book,b1_0.commentary,b1_0.creation_date,b1_0.creation_name,b1_0.deal_name,b1_0.deal_type,b1_0.revision_date,b1_0.revision_name,b1_0.security,b1_0.side,b1_0.source_list_id,b1_0.status,b1_0.trader,b1_0.type from bid_list b1_0 where b1_0.bid_list_id=?
Hibernate: delete from bid_list where bid_list_id=?
Hibernate: select b1_0.bid_list_id,b1_0.account,b1_0.ask,b1_0.ask_quantity,b1_0.benchmark,b1_0.bid,b1_0.bid_list_date,b1_0.bid_quantity,b1_0.book,b1_0.commentary,b1_0.creation_date,b1_0.creation_name,b1_0.deal_name,b1_0.deal_type,b1_0.revision_date,b1_0.revision_name,b1_0.security,b1_0.side,b1_0.source_list_id,b1_0.status,b1_0.trader,b1_0.type from bid_list b1_0 where b1_0.bid_list_id=?
]]></system-out>
  </testcase>
</testsuite>