<?xml version="1.0" encoding="UTF-8"?>
<testsuite xmlns:xsi="http://www.w3.org/2001/XMLSchema-instance" xsi:noNamespaceSchemaLocation="https://maven.apache.org/surefire/maven-surefire-plugin/xsd/surefire-test-report-3.0.xsd" version="3.0" name="com.nnk.springboot.BidTests" time="7.283" tests="2" errors="0" skipped="0" failures="0">
  <properties>
[...]
</properties>
  <testcase name="bidList_validation_shouldFail_onBlankFields" classname="com.nnk.springboot.BidTests" time="0.615">
    <system-out><![CDATA[14:41:04.429 [main] INFO org.springframework.test.context.support.AnnotationConfigContextLoaderUtils -- Could not detect default configuration classes for test class [com.nnk.springboot.BidTests]: BidTests does not declare any static, non-private, non-final, nested classes annotated with @Configuration.
14:41:04.602 [main] INFO org.springframework.boot.test.context.SpringBootTestContextBootstrapper -- Found @SpringBootConfiguration com.nnk.springboot.Application for test class com.nnk.springboot.BidTests
14:41:04.804 [main] INFO org.springframework.test.context.support.AnnotationConfigContextLoaderUtils -- Could not detect default configuration classes for test class [com.nnk.springboot.CurvePointTests]: CurvePointTests does not declare any static, non-private, non-final, nested classes annotated with @Configuration.
14:41:04.808 [main] INFO org.springframework.boot.test.context.SpringBootTestContextBootstrapper -- Found @SpringBootConfiguration com.nnk.springboot.Application for test class com.nnk.springboot.CurvePointTests
14:41:04.816 [main] INFO org.springframework.test.context.support.AnnotationConfigContextLoaderUtils -- Could not detect default configuration classes for test class [com.nnk.springboot.PasswordEncodeTest]: PasswordEncodeTest does not declare any static, non-private, non-final, nested classes annotated with @Configuration.
14:41:04.818 [main] INFO org.springframework.boot.test.context.SpringBootTestContextBootstrapper -- Found @SpringBootConfiguration com.nnk.springboot.Application for test class com.nnk.springboot.PasswordEncodeTest
14:41:04.829 [main] INFO org.springframework.test.context.support.AnnotationConfigContextLoaderUtils -- Could not detect default configuration classes for test class [com.nnk.springboot.RatingTests]: RatingTests does not declare any static, non-private, non-final, nested classes annotated with @Configuration.
14:41:04.831 [main] INFO org.springframework.boot.test.context.SpringBootTestContextBootstrapper -- Found @SpringBootConfiguration com.nnk.springboot.Application for test class com.nnk.springboot.RatingTests
14:41:04.841 [main] INFO org.springframework.test.context.support.AnnotationConfigContextLoaderUtils -- Could not detect default configuration classes for test class [com.nnk.springboot.RuleTests]: RuleTests does not declare any static, non-private, non-final, nested classes annotated with @Configuration.
14:41:04.843 [main] INFO org.springframework.boot.test.context.SpringBootTestContextBootstrapper -- Found @SpringBootConfiguration com.nnk.springboot.Application for test class com.nnk.springboot.RuleTests
14:41:04.855 [main] INFO org.springframework.test.context.support.AnnotationConfigContextLoaderUtils -- Could not detect default configuration classes for test class [com.nnk.springboot.TradeTests]: TradeTests does not declare any static, non-private, non-final, nested classes annotated with @Configuration.
14:41:04.859 [main] INFO org.springframework.boot.test.context.SpringBootTestContextBootstrapper -- Found @SpringBootConfiguration com.nnk.springboot.Application for test class com.nnk.springboot.TradeTests
14:41:04.873 [main] INFO org.springframework.test.context.support.AnnotationConfigContextLoaderUtils -- Could not detect default configuration classes for test class [com.nnk.springboot.UserTests]: UserTests does not declare any static, non-private, non-final, nested classes annotated with @Configuration.
14:41:04.874 [main] INFO org.springframework.boot.test.context.SpringBootTestContextBootstrapper -- Found @SpringBootConfiguration com.nnk.springboot.Application for test class com.nnk.springboot.UserTests
14:41:04.883 [main] INFO org.springframework.test.context.support.AnnotationConfigContextLoaderUtils -- Could not detect default configuration classes for test class [com.nnk.springboot.BidTests]: BidTests does not declare any static, non-private, non-final, nested classes annotated with @Configuration.
14:41:04.884 [main] INFO org.springframework.boot.test.context.SpringBootTestContextBootstrapper -- Found @SpringBootConfiguration com.nnk.springboot.Application for test class com.nnk.springboot.BidTests
14:41:04.888 [main] INFO org.springframework.test.context.support.AnnotationConfigContextLoaderUtils -- Could not detect default configuration classes for test class [com.nnk.springboot.CurvePointTests]: CurvePointTests does not declare any static, non-private, non-final, nested classes annotated with @Configuration.
14:41:04.890 [main] INFO org.springframework.boot.test.context.SpringBootTestContextBootstrapper -- Found @SpringBootConfiguration com.nnk.springboot.Application for test class com.nnk.springboot.CurvePointTests
14:41:04.892 [main] INFO org.springframework.test.context.support.AnnotationConfigContextLoaderUtils -- Could not detect default configuration classes for test class [com.nnk.springboot.PasswordEncodeTest]: PasswordEncodeTest does not declare any static, non-private, non-final, nested classes annotated with @Configuration.
14:41:04.893 [main] INFO org.springframework.boot.test.context.SpringBootTestContextBootstrapper -- Found @SpringBootConfiguration com.nnk.springboot.Application for test class com.nnk.springboot.PasswordEncodeTest
14:41:04.897 [main] INFO org.springframework.test.context.support.AnnotationConfigContextLoaderUtils -- Could not detect default configuration classes for test class [com.nnk.springboot.RatingTests]: RatingTests does not declare any static, non-private, non-final, nested classes annotated with @Configuration.
14:41:04.899 [main] INFO org.springframework.boot.test.context.SpringBootTestContextBootstrapper -- Found @SpringBootConfiguration com.nnk.springboot.Application for test class com.nnk.springboot.RatingTests
14:41:04.903 [main] INFO org.springframework.test.context.support.AnnotationConfigContextLoaderUtils -- Could not detect default configuration classes for test class [com.nnk.springboot.RuleTests]: RuleTests does not declare any static, non-private, non-final, nested classes annotated with @Configuration.
14:41:04.904 [main] INFO org.springframework.boot.test.context.SpringBootTestContextBootstrapper -- Found @SpringBootConfiguration com.nnk.springboot.Application for test class com.nnk.springboot.RuleTests
14:41:04.908 [main] INFO org.springframework.test.context.support.AnnotationConfigContextLoaderUtils -- Could not detect default configuration classes for test class [com.nnk.springboot.TradeTests]: TradeTests does not declare any static, non-private, non-final, nested classes annotated with @Configuration.
14:41:04.910 [main] INFO org.springframework.boot.test.context.SpringBootTestContextBootstrapper -- Found @SpringBootConfiguration com.nnk.springboot.Application for test class com.nnk.springboot.TradeTests
14:41:04.913 [main] INFO org.springframework.test.context.support.AnnotationConfigContextLoaderUtils -- Could not detect default configuration classes for test class [com.nnk.springboot.UserTests]: UserTests does not declare any static, non-private, non-final, nested classes annotated with @Configuration.
14:41:04.914 [main] INFO org.springframework.boot.test.context.SpringBootTestContextBootstrapper -- Found @SpringBootConfiguration com.nnk.springboot.Application for test class com.nnk.springboot.UserTests

  .   ____          _            __ _ _
 /\\ / ___'_ __ _ _(_)_ __  __ _ \ \ \ \
( ( )\___ | '_ | '_| | '_ \/ _` | \ \ \ \
 \\/  ___)| |_)| | | | | || (_| |  ) ) ) )
  '  |____| .__|_| |_|_| |_\__, | / / / /
 =========|_|==============|___/=/_/_/_/
 :: Spring Boot ::                (v3.1.0)

2025-11-07T14:41:05.417+01:00  INFO 15396 --- [           main] com.nnk.springboot.BidTests              : Starting BidTests using Java 17.0.14 with PID 15396 (started by Dev in C:\Users\Dev\Documents\OpenClassrooms\Formation_DevJava\P7\JavaDA_PROJECT7_RESTAPI\Poseiden-skeleton)
2025-11-07T14:41:05.421+01:00  INFO 15396 --- [           main] com.nnk.springboot.BidTests              : No active profile set, falling back to 1 default profile: "default"
2025-11-07T14:41:06.324+01:00  INFO 15396 --- [           main] .s.d.r.c.RepositoryConfigurationDelegate : Bootstrapping Spring Data JPA repositories in DEFAULT mode.
2025-11-07T14:41:06.428+01:00  INFO 15396 --- [           main] .s.d.r.c.RepositoryConfigurationDelegate : Finished Spring Data repository scanning in 89 ms. Found 6 JPA repository interfaces.
2025-11-07T14:41:07.068+01:00  INFO 15396 --- [           main] o.hibernate.jpa.internal.util.LogHelper  : HHH000204: Processing PersistenceUnitInfo [name: default]
2025-11-07T14:41:07.169+01:00  INFO 15396 --- [           main] org.hibernate.Version                    : HHH000412: Hibernate ORM core version 6.2.2.Final
2025-11-07T14:41:07.173+01:00  INFO 15396 --- [           main] org.hibernate.cfg.Environment            : HHH000406: Using bytecode reflection optimizer
2025-11-07T14:41:07.407+01:00  INFO 15396 --- [           main] o.h.b.i.BytecodeProviderInitiator        : HHH000021: Bytecode provider name : bytebuddy
2025-11-07T14:41:07.601+01:00  INFO 15396 --- [           main] o.s.o.j.p.SpringPersistenceUnitInfo      : No LoadTimeWeaver setup: ignoring JPA class transformer
2025-11-07T14:41:07.633+01:00  INFO 15396 --- [           main] com.zaxxer.hikari.HikariDataSource       : HikariPool-1 - Starting...
2025-11-07T14:41:08.134+01:00  INFO 15396 --- [           main] com.zaxxer.hikari.pool.HikariPool        : HikariPool-1 - Added connection com.mysql.cj.jdbc.ConnectionImpl@3316527e
2025-11-07T14:41:08.137+01:00  INFO 15396 --- [           main] com.zaxxer.hikari.HikariDataSource       : HikariPool-1 - Start completed.
2025-11-07T14:41:08.217+01:00  INFO 15396 --- [           main] org.hibernate.orm.dialect                : HHH035001: Using dialect: org.hibernate.dialect.MySQLDialect, version: 8.0.42
2025-11-07T14:41:08.568+01:00  INFO 15396 --- [           main] o.h.b.i.BytecodeProviderInitiator        : HHH000021: Bytecode provider name : bytebuddy
2025-11-07T14:41:09.462+01:00  INFO 15396 --- [           main] o.h.e.t.j.p.i.JtaPlatformInitiator       : HHH000490: Using JtaPlatform implementation: [org.hibernate.engine.transaction.jta.platform.internal.NoJtaPlatform]
Hibernate: alter table bid_list modify column ask  float(53)
Hibernate: alter table bid_list modify column ask_quantity  float(53)
Hibernate: alter table bid_list modify column bid  float(53)
Hibernate: alter table bid_list modify column bid_list_date  datetime(6)
Hibernate: alter table bid_list modify column bid_quantity  float(53)
Hibernate: alter table bid_list modify column creation_date  datetime(6)
Hibernate: alter table bid_list modify column revision_date  datetime(6)
Hibernate: alter table curve_point modify column as_of_date  datetime(6)
Hibernate: alter table curve_point modify column creation_date  datetime(6)
Hibernate: alter table curve_point modify column term  float(53) not null
Hibernate: alter table curve_point modify column value  float(53) not null
Hibernate: alter table trade modify column buy_price  float(53)
Hibernate: alter table trade modify column buy_quantity  float(53)
Hibernate: alter table trade modify column creation_date  datetime(6)
Hibernate: alter table trade modify column revision_date  datetime(6)
Hibernate: alter table trade modify column sell_price  float(53)
Hibernate: alter table trade modify column sell_quantity  float(53)
Hibernate: alter table trade modify column trade_date  datetime(6)
2025-11-07T14:41:09.727+01:00  INFO 15396 --- [           main] j.LocalContainerEntityManagerFactoryBean : Initialized JPA EntityManagerFactory for persistence unit 'default'
2025-11-07T14:41:10.400+01:00  WARN 15396 --- [           main] JpaBaseConfiguration$JpaWebConfiguration : spring.jpa.open-in-view is enabled by default. Therefore, database queries may be performed during view rendering. Explicitly configure spring.jpa.open-in-view to disable this warning
2025-11-07T14:41:10.878+01:00  INFO 15396 --- [           main] o.s.s.web.DefaultSecurityFilterChain     : Will secure any request with [org.springframework.security.web.session.DisableEncodeUrlFilter@268f126f, org.springframework.security.web.context.request.async.WebAsyncManagerIntegrationFilter@467e7793, org.springframework.security.web.context.SecurityContextHolderFilter@65852d05, org.springframework.security.web.header.HeaderWriterFilter@74cad577, org.springframework.security.web.csrf.CsrfFilter@1f591b2e, org.springframework.security.web.authentication.logout.LogoutFilter@4b8c9729, org.springframework.security.web.authentication.UsernamePasswordAuthenticationFilter@5a644d75, org.springframework.security.web.savedrequest.RequestCacheAwareFilter@43fdef43, org.springframework.security.web.servletapi.SecurityContextHolderAwareRequestFilter@29612ee2, org.springframework.security.web.authentication.AnonymousAuthenticationFilter@3e8995cc, org.springframework.security.web.access.ExceptionTranslationFilter@47596e9, org.springframework.security.web.access.intercept.AuthorizationFilter@585718dd]
2025-11-07T14:41:11.357+01:00  INFO 15396 --- [           main] com.nnk.springboot.BidTests              : Started BidTests in 6.297 seconds (process running for 7.586)
Hibernate: select next_val as id_val from bid_list_seq for update
Hibernate: update bid_list_seq set next_val= ? where next_val=?
]]></system-out>
  </testcase>
  <testcase name="bidListTest" classname="com.nnk.springboot.BidTests" time="0.278">
    <system-out><![CDATA[Hibernate: insert into bid_list (account,ask,ask_quantity,benchmark,bid,bid_list_date,bid_quantity,book,commentary,creation_date,creation_name,deal_name,deal_type,revision_date,revision_name,security,side,source_list_id,status,trader,type,bid_list_id) values (?,?,?,?,?,?,?,?,?,?,?,?,?,?,?,?,?,?,?,?,?,?)
Hibernate: select b1_0.bid_list_id,b1_0.account,b1_0.ask,b1_0.ask_quantity,b1_0.benchmark,b1_0.bid,b1_0.bid_list_date,b1_0.bid_quantity,b1_0.book,b1_0.commentary,b1_0.creation_date,b1_0.creation_name,b1_0.deal_name,b1_0.deal_type,b1_0.revision_date,b1_0.revision_name,b1_0.security,b1_0.side,b1_0.source_list_id,b1_0.status,b1_0.trader,b1_0.type from bid_list b1_0 where b1_0.bid_list_id=?
Hibernate: update bid_list set account=?,ask=?,ask_quantity=?,benchmark=?,bid=?,bid_list_date=?,bid_quantity=?,book=?,commentary=?,creation_date=?,creation_name=?,deal_name=?,deal_type=?,revision_date=?,revision_name=?,security=?,side=?,source_list_id=?,status=?,trader=?,type=? where bid_list_id=?
Hibernate: select b1_0.bid_list_id,b1_0.account,b1_0.ask,b1_0.ask_quantity,b1_0.benchmark,b1_0.bid,b1_0.bid_list_date,b1_0.bid_quantity,b1_0.book,b1_0.commentary,b1_0.creation_date,b1_0.creation_name,b1_0.deal_name,b1_0.deal_type,b1_0.revision_date,b1_0.revision_name,b1_0.security,b1_0.side,b1_0.source_list_id,b1_0.status,b1_0.trader,b1_0.type from bid_list b1_0
Hibernate: select b1_0.bid_list_id,b1_0.account,b1_0.ask,b1_0.ask_quantity,b1_0.benchmark,b1_0.bid,b1_0.bid_list_date,b1_0.bid_quantity,b1_0.book,b1_0.commentary,b1_0.creation_date,b1_0.creation_name,b1_0.deal_name,b1_0.deal_type,b1_0.revision_date,b1_0.revision_name,b1_0.security,b1_0.side,b1_0.source_list_id,b1_0.status,b1_0.trader,b1_0.type from bid_list b1_0 where b1_0.bid_list_id=?
Hibernate: delete from bid_list where bid_list_id=?
Hibernate: select b1_0.bid_list_id,b1_0.account,b1_0.ask,b1_0.ask_quantity,b1_0.benchmark,b1_0.bid,b1_0.bid_list_date,b1_0.bid_quantity,b1_0.book,b1_0.commentary,b1_0.creation_date,b1_0.creation_name,b1_0.deal_name,b1_0.deal_type,b1_0.revision_date,b1_0.revision_name,b1_0.security,b1_0.side,b1_0.source_list_id,b1_0.status,b1_0.trader,b1_0.type from bid_list b1_0 where b1_0.bid_list_id=?
]]></system-out>
  </testcase>
</testsuite>